<?xml version="1.0" encoding="UTF-8"?>
<testng-results ignored="0" total="1" passed="1" failed="0" skipped="0">
  <reporter-output>
  </reporter-output>
  <suite started-at="2020-06-13T18:40:26 IST" name="Page Object Model" finished-at="2020-06-13T18:40:35 IST" duration-ms="9907">
    <groups>
    </groups>
    <test started-at="2020-06-13T18:40:26 IST" name="Login Test" finished-at="2020-06-13T18:40:35 IST" duration-ms="9826">
      <class name="com.shikha.testcases.LoginTest">
        <test-method signature="loginTest(java.util.Hashtable)[pri:0, instance:com.shikha.testcases.LoginTest@b273a59]" started-at="2020-06-13T18:40:26 IST" name="loginTest" data-provider="dp" finished-at="2020-06-13T18:40:34 IST" duration-ms="8559" status="PASS">
          <params>
            <param index="0">
              <value>
                <![CDATA[{Username=shikhakumari904@gmail.com, RunMode=Y, Password=shikha@4190}]]>
              </value>
            </param>
          </params>
          <reporter-output>
          </reporter-output>
        </test-method> <!-- loginTest -->
      </class> <!-- com.shikha.testcases.LoginTest -->
    </test> <!-- Login Test -->
    <test started-at="2020-06-13T18:40:35 IST" name="Edit Account Test" finished-at="2020-06-13T18:40:35 IST" duration-ms="2">
      <class name="com.shikha.testcases.LoginTest">
        <test-method is-config="true" signature="tearDown()[pri:0, instance:com.shikha.testcases.LoginTest@b273a59]" started-at="2020-06-13T18:40:35 IST" name="tearDown" finished-at="2020-06-13T18:40:37 IST" duration-ms="2018" status="PASS">
          <reporter-output>
          </reporter-output>
        </test-method> <!-- tearDown -->
      </class> <!-- com.shikha.testcases.LoginTest -->
    </test> <!-- Edit Account Test -->
  </suite> <!-- Page Object Model -->
</testng-results>
