<?xml version="1.0" encoding="UTF-8"?>
<testng-results ignored="0" total="1" passed="1" failed="0" skipped="0">
  <reporter-output>
  </reporter-output>
  <suite started-at="2020-06-13T13:54:44 IST" name="Page Object Model" finished-at="2020-06-13T13:54:55 IST" duration-ms="11025">
    <groups>
    </groups>
    <test started-at="2020-06-13T13:54:44 IST" name="Login Test" finished-at="2020-06-13T13:54:55 IST" duration-ms="11025">
      <class name="com.shikha.testcases.LoginTest">
        <test-method signature="loginTest()[pri:0, instance:com.shikha.testcases.LoginTest@d1a10ac]" started-at="2020-06-13T13:54:44 IST" name="loginTest" finished-at="2020-06-13T13:54:53 IST" duration-ms="9520" status="PASS">
          <reporter-output>
          </reporter-output>
        </test-method> <!-- loginTest -->
        <test-method is-config="true" signature="tearDown()[pri:0, instance:com.shikha.testcases.LoginTest@d1a10ac]" started-at="2020-06-13T13:54:55 IST" name="tearDown" finished-at="2020-06-13T13:54:57 IST" duration-ms="2329" status="PASS">
          <reporter-output>
          </reporter-output>
        </test-method> <!-- tearDown -->
      </class> <!-- com.shikha.testcases.LoginTest -->
    </test> <!-- Login Test -->
  </suite> <!-- Page Object Model -->
</testng-results>
